2 213 242
2 271 12
3 259 156 141
2 265 293
3 180 75 256
2 68 59
2 112 288
2 282 10
3 296 185 181
3 0 152 272
2 285 196
2 114 106
3 95 243 43
2 111 101
3 216 121 119
3 212 127 201
2 96 98
2 11 219
2 258 126
3 13 205 151
2 161 104
3 54 16 206
4 85 290 48 208
3 63 244 135
2 170 25
3 80 260 94
2 154 49
2 131 1
2 89 257
2 214 140
2 284 67
2 249 233
2 223 143
3 224 73 2
4 116 15 245 83
3 226 21 155
3 203 50 289
4 294 148 207 123
3 204 295 132
3 276 42 153
3 103 27 142
3 107 70 84
3 273 146 292
2 197 190
2 39 35
3 162 19 177
3 281 241 228
3 74 14 252
3 92 125 209
3 62 217 266
2 160 237
2 174 138
3 150 82 71
3 133 105 287
3 159 236 240
2 283 178
3 113 102 97
3 218 277 297
2 298 69
2 37 149
2 78 145
2 32 189
2 60 250
3 144 202 215
3 136 158 262
3 198 79 81
3 227 18 61
2 239 47
2 91 124
3 87 171 139
5 167 164 58 163 194
3 200 40 176
3 137 157 77
2 188 5
2 269 20
2 6 235
2 57 248
3 108 76 30
3 72 23 192
3 232 28 120
2 238 31
4 88 210 195 279
3 261 129 182
3 41 128 247
2 29 173
3 44 147 274
3 184 251 165
2 220 186
3 110 90 55
4 275 8 264 130
2 254 109
4 168 4 3 255
2 26 45
3 7 225 278
2 134 9
2 51 169
3 246 230 229
2 22 52
2 117 211
3 187 38 175
