35 8671 3729 5670 6755 370 3248 1379 5186 9435 6119 5961 9615 7329 5071 6896 572 6264 9099 6074 5850 1247 5440 2836 4372 3099 9835 3778 852 696 9199 1248 9502 8521 8552 3640
33 4622 9689 7902 9607 5986 6470 7771 1533 2650 9855 2048 9128 7278 6071 5034 5429 4130 6492 2492 3050 4495 8107 4162 3793 9040 8100 7258 975 5798 7830 3545 7725 1954
33 9004 7135 630 9189 4733 6644 7479 9829 4818 9068 232 534 5003 85 6630 9155 1461 631 8011 8234 4194 5207 2386 346 3787 423 1610 1413 2499 7813 5840 3164 3239
36 5502 4017 539 8375 7715 6719 6436 4981 2405 3190 565 4656 8254 4476 8363 9948 1360 5650 6751 1591 5941 940 1105 1249 6530 2578 4821 8079 7756 175 2175 3183 1010 7068 5193 4601
35 1091 5246 4229 2013 9967 8404 4370 1381 2213 7383 9175 7747 5472 3838 7389 134 336 1982 926 6260 1117 2215 933 6167 2106 9223 3339 6893 5439 906 9132 4930 9000 7319 8584
35 9518 261 8817 6057 7254 2516 574 8505 7431 1312 9681 9386 9288 4426 6158 155 1523 67 5633 9987 2925 3726 2176 1886 1026 89 5399 3141 2307 1147 418 6186 2431 3556 6699
37 96 5148 6143 4424 1227 7066 863 6761 6066 4376 2088 7499 8590 6365 9542 9407 2421 1794 6985 5947 2895 7973 9780 7411 1137 3692 2336 399 9686 1694 8425 3869 710 663 1541 1345 319
36 1183 6121 9663 6402 4198 4731 9269 6371 9954 2686 101 4326 651 3451 87 9366 5442 1823 1460 6398 8288 1629 7154 6972 3060 790 5598 1435 2128 2980 1114 8925 9957 9466 9307 8787
35 6498 5467 2116 3226 7694 165 7165 4889 5455 280 8697 4672 390 6295 5880 583 3727 9724 3366 6390 240 967 4442 6686 4529 470 7727 3757 779 7780 3742 4298 4060 2090 4132
38 9978 4242 5065 6695 6438 2434 9274 4502 5314 1916 8174 4271 8767 9547 2636 7297 7148 6378 2824 6261 7270 6485 8324 8900 7554 8716 5426 4400 4299 2296 6233 7409 3062 9996 1170 4820 2404 7382
40 8681 421 7224 8403 5497 2741 6883 5445 4585 3681 5300 6163 4258 9460 6847 3139 8624 7203 9322 9218 7911 1455 3203 6109 3884 7766 7093 6379 8423 7030 8266 2760 6212 3276 3019 8230 5443 7543 437 4351
39 2478 5799 4087 4287 9072 2947 9636 2324 2919 5192 6789 7617 4831 4797 467 9135 7283 6393 9969 7534 5155 4522 1590 227 2150 1441 3830 4943 5685 5189 8814 6813 3012 2664 4381 303 4196 5333 7251
39 990 4509 8922 8687 6583 1583 4928 1048 4575 7762 243 7953 6035 2070 8844 8599 6385 3509 3490 5684 8366 5244 6569 6473 5628 8233 6228 1 595 3797 3815 1077 300 3224 1318 7844 3794 78 2743
40 1625 7051 3897 7974 4307 2715 1125 4396 6931 8077 4075 635 206 2750 8830 996 9106 1392 5754 3812 8102 2359 9005 7675 8805 2006 787 1887 9741 8934 8429 3452 1399 2911 923 5835 7235 7706 6401 4551
40 2891 3261 5568 5000 2456 1631 8287 8053 7899 2449 5132 449 4007 1775 7954 3273 8106 4212 3701 2817 3533 2290 9213 3562 7446 9064 7210 9727 3131 8573 1635 1076 6704 3821 2550 1695 2717 4661 747 4909
37 5353 9193 5346 1342 3880 7130 9071 5376 2333 4872 9011 517 2133 6865 8386 732 1495 1073 740 8526 6142 1245 7354 6622 6577 3025 4714 814 4784 5826 7846 6048 1521 4465 6093 1759 347
40 4637 3028 7100 8388 7000 6790 7538 3031 2585 5607 8383 819 9381 3534 760 1422 6108 5256 3346 9165 916 7067 376 640 3503 7952 8909 4398 4151 4172 7827 6697 2811 4362 6406 2476 311 7775 5968 8180
40 4919 2974 9968 8232 3834 9208 4026 4969 9463 6373 1634 3094 8617 4118 2011 2039 8075 1411 993 8009 8575 5352 2199 1372 3714 3210 1393 3917 9698 6994 4135 3243 5983 8507 4225 8943 8536 945 4276 1593
42 524 5609 3435 3083 8293 5913 7244 702 2773 2198 8126 4375 9519 7784 2969 8626 7624 3849 6796 9887 8560 5470 2470 8021 7238 4799 7873 7355 7779 6117 4274 537 3129 7669 4200 2417 8029 570 9420 1375 2979 7704
41 2690 2416 8171 6316 3021 731 4360 248 7765 9032 3546 8224 6294 5103 5026 2280 6064 3067 1148 1031 9121 3440 6124 2104 7197 9017 4980 4811 4631 7896 5135 1738 2649 5583 3599 9239 5737 3064 3041 3404 2038
41 9548 6897 8298 6579 9768 8251 4514 49 1030 9033 6496 2308 3594 5833 1836 2880 8674 8196 6830 9888 9253 9051 7600 6899 5716 880 8271 2865 128 2155 9391 8976 7498 8274 6102 9203 3434 575 7656 1191 4665
43 9543 4505 3949 2638 2586 4871 4078 7266 6731 4466 2443 1290 8867 3585 1620 1546 5960 2857 8043 6383 4993 1447 2576 9704 6982 6655 9380 8874 6151 5025 1404 447 9798 2003 116 9808 3214 8696 3491 1601 5572 1707 7797
42 3296 2082 8901 4951 7378 6263 6767 1809 7146 4393 4577 1156 427 6277 339 7583 9115 9268 3017 299 8477 7574 1953 8362 7360 1229 960 6426 2964 9001 7943 6409 5591 2625 5265 2111 8988 7452 2958 9453 7055 7986
42 2652 2447 3872 861 9461 443 7513 3119 3857 2554 1291 743 8532 8218 1219 9674 6003 7200 5223 1873 2580 3765 8497 7046 8431 4994 167 6923 394 3173 3196 194 3871 8803 8720 2277 706 2411 7083 9582 9257 20
43 5594 275 3065 1810 4880 6814 5620 9200 5438 5157 468 7014 479 3355 413 9002 1054 9059 6290 9 4479 6563 2794 6727 5284 5091 8394 422 4785 8802 2940 9035 2477 1140 9550 5499 1028 5403 2959 9291 6545 8564 4181
44 2987 8773 246 4842 4489 1304 6450 358 9719 8936 7291 3573 9281 8041 136 8121 7679 2854 2847 6747 3848 8257 8010 2923 8798 7778 9494 1319 6392 6519 5745 3002 1199 435 4076 2718 8419 1934 977 4736 798 6804 5773 3135
39 1907 4876 7660 335 6300 6010 6311 196 8374 4851 2253 4972 12 9717 7967 7692 7579 6787 4531 6230 1281 8331 2241 70 6181 8409 4781 1905 4858 8731 7078 527 2 9365 5781 4220 419 9869 3121
41 9856 2197 4754 4635 4045 5886 2707 4602 6551 7926 5247 359 7606 5531 9788 874 6582 2647 3722 8616 3386 9771 6861 4705 6629 3850 1193 6244 5643 4931 4992 1371 894 7011 4332 7138 1396 7223 3003 999 6955
43 4402 610 9693 4755 9706 1555 4963 3464 8605 7763 4742 4679 1816 1158 4262 8542 8452 4457 3578 3522 1211 5104 53 5344 737 426 41 4629 8205 3228 284 8408 4182 2024 9521 2244 8983 4175 7677 2042 9670 5696 9517
42 1741 338 9123 8529 980 8220 694 9050 7924 3479 360 7963 3581 9690 7158 5280 2194 8911 6058 5978 7745 1567 5599 3895 1482 8978 5123 4738 1606 108 2532 1003 9186 2058 9324 9205 6144 3744 2985 4248 2073 6809
48 210 8710 7186 5748 755 550 4469 1516 2412 8884 9886 6022 5837 7129 3469 597 8133 7523 2340 2272 3407 1729 366 7732 720 7181 2561 2338 1515 4596 7862 4782 4094 3442 7481 4816 4588 2345 992 8941 1434 8647 4899 2774 9759 5944 7979 3700
46 3082 361 5715 5483 3664 199 4761 3437 4641 4255 5409 7893 7539 6320 4213 4005 1139 269 8435 6743 5749 3325 8343 5261 6077 5156 4573 4209 1284 9900 9338 7462 5480 398 9964 8372 921 6162 3687 891 5681 4603 6046 4568 293 9339
45 1165 6080 9374 8721 7710 5739 3887 1829 130 9069 8520 7972 2683 2556 5726 1574 4638 3275 2788 1315 7936 3741 7477 2870 9478 6597 5474 2761 9803 6826 851 9845 3320 9818 9204 1612 1668 9174 44 8061 2035 2089 8003 563 4587
43 4539 5994 5580 4716 3856 982 5337 3264 5357 1537 2845 2841 6656 2074 1355 6797 9184 6494 353 7352 2850 2771 9758 9094 6986 3875 6251 8460 6590 2081 1971 9041 7323 7522 6514 2402 4205 2849 6214 4179 3475 4883 9739
46 4668 4358 3377 1960 1231 9867 3098 1279 9079 7269 4339 774 4452 2083 1377 3415 6210 4766 2000 5239 6081 6037 6321 2790 7586 6123 1888 434 9192 4906 624 9096 5418 2933 9134 7469 1157 9448 8489 1478 816 8726 8463 1851 3476 325
45 824 854 8812 7991 7020 6234 4687 5444 1944 4996 1568 504 247 4713 4413 3051 2766 2688 1798 7607 1608 1553 1757 7668 6720 6009 2132 1013 2314 6567 4059 9622 9546 8253 4823 458 9479 5814 3852 8949 6742 1006 6240 3882 9658
49 5231 6411 5757 4526 2639 476 9246 7970 7338 4460 2544 5772 6033 4934 9600 6075 4987 3547 2787 1681 1000 8804 8500 3353 6998 4548 2978 2242 6454 714 625 3908 9631 8294 8276 3677 8620 8559 7611 5078 1632 5329 3694 120 114 6914 5203 5920 7137
43 4154 9923 8958 7909 6357 4323 3034 2461 363 9614 8993 8914 6703 2906 9935 636 6060 1081 8094 6858 5321 5308 1981 9201 7374 4051 5807 5079 4581 4533 2022 6478 5736 2206 2191 7708 4515 2178 2542 3001 2757 1228 9880
45 189 9285 6643 6016 4016 2225 1214 4948 9373 6012 2064 670 9097 7007 4986 8135 3221 8176 2604 6841 5615 5407 8579 7010 6457 2014 1042 9450 1918 9667 5847 5621 7509 5185 4015 3758 1222 9301 5945 5644 3311 2007 258 436 7334
45 7346 7331 5871 2916 2214 367 521 5933 5153 2231 393 5085 4455 838 9743 7713 4900 3540 2084 9611 1940 1022 764 516 9716 8999 7141 7121 6667 6092 962 7368 4935 5296 4486 9928 8130 8724 7453 5789 1418 1159 424 5198 3557
44 6993 6735 4564 8955 6381 3792 2453 1818 4042 8906 8012 3153 8972 5463 2161 7937 6297 9924 9452 8832 6040 2185 7220 4301 2702 1035 2784 895 107 50 9403 6141 4254 8499 4862 2165 9511 7785 6337 4698 5524 4115 3718 3625
46 1479 4970 8719 5538 4270 1609 4924 3645 9983 3111 1109 6641 585 581 5640 8669 6090 7 8096 5288 1017 8550 6375 2955 9498 8541 5125 8779 9508 7108 6675 4666 4403 3176 9173 3130 1526 9910 4770 3894 3488 3073 545 98 7405 7680
46 7308 3132 1027 8665 7213 330 5233 2861 2708 1192 4170 2659 937 914 7815 1883 7379 6293 1368 7396 6811 983 3161 2970 6200 9344 4964 2762 314 8329 5632 1743 6094 5469 3688 7239 2077 1972 1676 4253 721 4521 3985 8833 2491 4144
48 9107 8957 2885 5973 4995 4692 3835 6701 6296 3743 3394 580 8544 7252 3632 2071 637 8850 8511 7529 9194 8752 7597 741 9493 6237 1066 1059 3159 5630 5616 2803 6113 4176 63 5821 2643 842 828 6775 5617 9770 4918 3956 9799 3618 3232 8886
47 1572 6364 9400 9170 3284 5585 9504 7236 9111 8132 5992 5044 4009 3565 9828 4771 3754 1745 1511 9145 7105 4966 4041 593 6587 2996 2157 745 9585 3774 3297 7178 4775 4681 3673 8162 8604 8032 7764 997 8569 8845 4063 6639 1943 7212 9697
49 7931 1861 4839 2904 1949 5820 5679 7263 5082 4566 2685 2127 7458 6950 3307 193 7505 6462 3748 3103 2530 826 8349 7961 7613 3187 4905 3385 5175 484 1366 9577 5893 727 3426 1828 1421 8488 3904 308 7388 7185 5068 4033 847 8097 2777 5970 5918
49 1834 9740 9526 8256 6891 5136 9620 1337 9363 8039 7305 6898 4689 3822 3194 2727 8201 3818 2752 8193 4227 3634 1269 7099 8565 4235 2934 328 7395 6099 259 7110 4387 138 1063 7886 2504 6900 1781 9278 7947 7009 4335 2611 1034 8627 7116 2912 2816
50 5326 185 9879 3342 9997 873 9558 8112 6045 3686 699 8733 2535 9393 7298 5491 2295 9022 7737 4070 6245 1112 979 143 9599 8869 5428 5298 2709 7592 4594 8570 9777 936 2310 1412 5496 959 7070 4985 8498 8370 6187 4202 4034 505 8273 2678 6051 3150
50 9837 8049 7156 1133 2963 9454 6453 2435 489 4877 2710 1731 6548 9731 8828 6540 8956 8792 6974 8864 4913 3638 9852 8863 3364 2019 1876 7542 5741 1021 109 32 9618 3702 4532 976 6846 1483 2776 368 316 8247 5414 4610 3117 758 3163 2433 2594 3393
45 8611 7507 234 9589 6845 1354 357 132 6607 3720 4667 3336 2343 8512 3760 8084 5106 503 5335 6922 6324 2096 9102 2984 345 6013 5728 3912 3873 3253 912 9061 5126 4891 4704 1621 9337 5839 4342 2306 9914 7817 8159 5365 7619
49 3497 3382 2691 2982 1347 9805 9703 7025 6968 8487 8270 6421 2509 7847 4216 3616 8002 9725 8530 5810 7687 3721 2813 2725 681 5549 1466 1825 9484 8962 5600 4853 3384 5330 4640 2099 3396 7879 7199 1326 1129 7604 7419 7261 348 9095 6698 9792 5073
47 3710 5069 4828 4547 1576 5057 4660 3453 9532 8473 8229 6766 7933 6595 8897 6776 4461 8479 8384 9044 8840 9998 9300 9066 6647 7906 6073 4856 548 8742 8342 2173 1019 7649 6817 6114 5447 7366 9897 9520 7913 5977 8602 8054 2998 9464 8263
49 6515 312 8240 8059 3251 2362 8028 667 410 8944 2030 9370 3254 8250 8101 6806 2284 3 3842 8042 1705 5936 4855 4645 4419 3201 4620 4700 166 8551 7569 3898 9472 9083 8381 1692 795 654 466 4186 2458 2409 1209 1038 1654 1711 1198 1087 7449
51 9108 8965 8513 9070 2676 9646 7127 5486 1662 915 354 8340 7651 1101 8360 3023 2626 55 7816 7796 6333 5184 2240 526 9167 1664 567 8317 4273 879 16 8639 6208 4014 2468 9237 2822 5087 2164 9248 9232 2454 661 576 6183 4167 4103 91 9409 8670 2800
49 7460 4773 201 8226 5753 5305 4282 8456 4859 3395 1615 7793 7142 7133 6586 5235 3963 3429 2008 377 9345 7742 7172 5698 2749 1563 6286 5114 3069 6610 5216 4611 1141 6571 5883 4613 3408 2419 7225 1216 5272 9052 3334 1831 683 1948 2829 6749 970
50 8896 7840 4524 2131 3058 2258 292 9036 6135 6025 4237 7801 7782 6467 981 6285 5919 5215 3719 249 9941 6471 4079 6355 5293 869 4590 7053 8793 6620 5946 5851 5655 4291 3855 9528 5227 725 7724 1945 4267 1685 131 9921 5803 5603 8829 5626 8297 6866
49 4516 8146 6070 2394 9321 8163 897 7751 3052 2297 2274 356 2028 7249 6646 7247 609 9864 4473 2798 2489 8967 6860 552 7655 7391 3379 905 9926 9789 213 4268 3124 1180 800 4657 4210 1993 1967 1425 3649 9451 5629 4707 2712 7752 8940 5050 1445
48 4795 2863 4669 1600 9993 9299 9214 7333 5874 5515 2634 5046 2632 8747 7828 4058 3669 2108 6281 7164 4327 3145 9617 6880 6188 3333 2525 7928 5506 4203 3749 3436 141 8200 4512 7528 4192 1703 9870 7855 9019 5310 2892 1177 888 8651 1624 676
51 9507 6278 4347 3375 170 493 8882 7576 302 8161 7418 821 9429 9018 7553 7031 3891 2621 1374 8438 2315 9594 7024 6648 3188 2303 3755 2730 1487 544 9669 6801 8400 1653 4812 4758 1773 957 5194 9586 8214 6615 2441 736 7755 2086 1043 775 643 4719 9514
49 8078 2252 31 7977 4788 3231 2249 7770 6310 6213 2029 7738 7018 6298 4169 3146 4226 15 11 7581 9890 9793 6882 6566 3715 588 3335 2705 1589 473 7993 6465 2957 1171 209 8258 4915 4286 8785 3611 2271 307 9537 2981 1065 180 8717 3262 6254
52 1894 6352 4126 6031 5570 2377 8211 5648 9055 6369 2670 6724 5959 9008 7716 6076 9726 5902 5370 4825 8952 1626 5451 9973 7277 6827 8450 8015 1203 6976 6784 1287 342 3152 2518 1877 267 9211 6536 5667 2123 2285 9342 5064 3487 2720 8261 9043 8335 7163 5950 5642
52 6777 244 9120 4805 3134 6916 9712 1463 8794 8283 9279 8769 7670 4752 590 9854 6969 3828 1166 9141 8644 5066 3298 2517 2207 1500 3602 3006 1339 5925 4289 3063 2372 713 2942 481 233 8862 8339 6039 7700 7157 1898 1639 1468 8215 3213 65 6400 9679 4927 9933
48 8259 5534 3417 3045 5637 3886 215 3647 3604 778 99 6202 9258 5230 6557 6152 5990 3246 9117 8269 154 7634 6199 1536 8545 8014 6909 6194 2809 1964 6835 6664 4694 3959 2951 9359 7205 4911 2557 508 8491 5219 4627 1473 5738 3974 8475 1811
51 7672 7632 4890 1508 812 9713 8937 9813 9606 3932 4921 2896 7749 3612 8008 7195 7211 7786 1493 6857 3684 2162 886 7347 6334 3309 2770 2568 1023 9873 7795 7580 4456 1225 9183 6259 6055 5658 4956 1830 8424 8249 5989 9216 431 7054 6715 1661 1033 600 3413
48 9705 5942 9084 6977 3128 9379 7854 3926 9289 881 8127 6043 6756 2033 1565 9538 5733 5388 8991 1474 8051 5338 4382 525 9497 8169 6726 5765 4677 2222 5109 4083 4895 3643 6657 179 6708 3589 3631 9779 4937 8729 7182 8578 5768 5493 5999 4374
55 5473 2700 6168 4708 542 7547 6988 3403 7960 6447 5614 4256 2616 931 925 7262 9922 8959 3162 1726 277 6218 9490 6689 8728 4861 6065 5801 3155 1586 6525 8588 8145 829 783 8780 3525 3836 6739 5636 7340 3703 6723 3225 3076 9025 6134 3918 3474 1975 1603 7039 4721 2540 3925
52 2484 47 7966 5142 2140 290 253 9357 8080 6722 6164 1449 1357 7530 5818 4032 7921 7356 6650 276 5174 2879 1278 1927 6556 4352 973 260 7096 4068 2367 7609 7228 7176 4218 2541 401 9182 7776 2018 6138 9625 9541 9251 4511 3788 1998 6184 5162 9752 408 4084
52 4190 9467 9465 371 4269 1658 7088 8280 2281 313 9220 8753 7614 7401 2180 1512 6869 9673 633 6098 3924 4098 2260 1789 9474 8531 7109 4390 6884 5295 4445 4406 9849 8596 6864 6611 4787 2275 8811 678 156 9685 9576 9557 9139 6394 6067 4195 3454 117 8954 3672
51 5101 4953 2228 471 8222 6799 6273 5574 6431 5665 2067 858 7560 3771 297 4116 2526 9650 7836 5876 4440 8856 8348 3841 172 8847 3993 791 1070 5868 1919 6464 5360 5092 4520 3332 8688 8027 7515 6403 266 5522 5283 4892 3653 2990 2076 1317 2613 1044 8607
52 8528 793 7139 5526 3654 2390 488 759 176 3560 8405 2694 8977 6876 5206 1164 3878 1311 8167 7013 5595 5205 6354 5793 8024 3940 3303 1270 7091 1472 6793 6112 5934 3494 3091 698 4357 3657 3506 8668 7500 6458 5782 5543 4318 2948 6521 3500 8583 2392 8426 5401
54 8265 4945 4574 8493 608 6759 5145 4433 7743 8158 7739 3527 9682 3961 3447 2001 5802 511 9628 7922 3784 1197 568 7697 3583 2587 2581 9878 8023 1090 4411 2546 1796 256 9153 5729 1790 3127 1987 1015 9593 8960 3997 3991 1153 1072 8548 7149 6096 4836 2495 1262 8071 6116
52 1134 7420 3421 8822 4621 2973 7040 2219 222 7695 6248 5552 4608 1846 9786 7082 6877 5392 3242 6844 9058 5766 3227 1075 133 6802 523 5708 7427 6349 2976 2779 686 6995 6959 5688 6459 5940 5718 9596 1458 8228 3467 2732 8861 1538 7790 2355 2261 1453 9812 8502
52 9763 5465 8187 4959 4746 3100 3075 2887 6175 5318 5097 7466 2884 5518 8825 5824 4146 6920 4155 7915 561 8646 3552 2972 2080 8212 9062 1784 697 709 6126 4869 892 8666 7646 7059 6346 2380 4908 7162 9661 7102 6663 6516 5903 587 6936 6339 5433 238 7447 1842
54 6621 896 145 1841 6820 4865 8592 4378 6363 4628 4322 2877 9626 3968 2196 5163 5022 1040 2265 1476 7605 5759 4474 9718 6570 5094 2200 1111 2747 9894 9563 9073 7303 9942 7566 2838 647 6166 5811 5588 5128 5363 5422 4768 9761 1969 8433 7501 7435 7189 642 9330 592 2245
53 9195 8221 5127 6528 4850 4345 8244 3480 7456 7444 6592 3777 9054 1122 9468 7478 9425 221 7465 6410 3093 5605 500 432 7371 8323 6559 9575 6223 5402 4597 2349 515 5475 3504 1826 3559 1152 1095 899 9441 6104 7721 4902 3660 3390 3234 8144 8307 9318 7506 1549 9907
52 7372 1914 2254 291 9764 6241 7994 82 3734 9078 8990 6888 4391 4315 8445 34 9329 8415 6482 5704 3975 2764 7856 384 8702 2291 1256 6444 1839 6235 5049 8470 5546 4279 1673 2488 3202 6600 6274 6461 3027 2672 5151 3514 2059 9424 2292 9358 1819 4443 9476 6420
49 4159 4031 2429 229 2105 8806 8494 4709 9326 6934 5997 5009 9794 5912 5421 4110 4536 3807 3530 703 7028 1714 6509 2052 1801 9647 5668 5213 8284 5462 4654 2789 8676 4275 2026 7324 6692 3548 5307 4261 7003 3289 3178 1309 2247 9428 8255 7294 5982
50 7037 8202 6466 5287 682 5255 6674 8289 9980 4808 4600 2510 1897 8913 4266 2121 9995 7633 1547 6001 878 9696 6733 5240 9581 2342 835 9825 4178 6432 7390 4428 3907 2656 1525 8870 8948 5523 4334 1403 4664 5311 3499 1968 1074 5879 4867 9936 9397 6412
48 4498 3900 3564 3055 8749 1736 9349 9470 9265 950 7304 3980 203 3167 5182 6169 9140 2167 900 1701 5048 9109 169 2571 8462 9601 2658 1327 5236 6928 3587 4802 8663 5601 9912 2536 1929 4140 2466 4157 3698 3511 6542 152 1123 9745 4101 2122
50 415 6783 656 4863 1924 514 61 6510 2148 7934 3883 9317 1014 907 8123 6960 1930 6867 6416 5631 2192 1064 4983 1297 4619 4553 9641 2529 2354 2130 3691 321 6947 7234 918 4435 4847 5859 2875 9432 4086 9160 8026 7321 1642 5527 6343 768 3543 2567
48 9306 6338 8907 2758 9992 7731 5332 2498 3326 7047 5259 149 5756 9637 6585 4893 4541 30 4540 6475 4873 5377 8969 4215 2327 4879 5134 5038 5152 5237 2046 1644 617 8033 8577 73 6736 7657 1860 9624 7733 794 5706 105 343 3768 2049 6377
