13 84 88 187 303 474 568 677 719 3696 4618 9799 9979 3026
21 1066 1178 1560 1757 2135 2695 3629 4008 4078 4525 5970 6002 6670 7463 8640 9847 6263 2247 6277 3008 611
20 1209 1315 1335 1515 1543 2356 2432 2519 2571 2920 3253 3869 5335 5440 5868 6031 1776 5341 113 2409
13 1992 2949 3156 3580 4309 4377 5018 6252 4758 3307 8950 1724 8574
10 4094 4435 5299 6403 7109 6815 8477 5860 4098 2422
9 4839 6412 6466 6783 7013 219 5222 7435 8638
12 7399 7475 7928 7956 7965 8175 8292 8310 8773 2944 7711 8554
14 9313 9393 9707 9913 2465 9976 8878 9752 4090 9563 8731 4058 696 3099
15 4379 3607 5497 2735 9084 7657 3442 672 6822 4494 549 713 5769 8564 1588
11 7429 5693 9619 1305 5192 3055 1097 4601 2015 5343 6658
11 9003 4742 700 423 8518 1273 6689 2720 7861 1105 1973
5 8890 3667 1879 3918 6775
10 9514 3090 5934 7070 2883 3817 6663 7401 7849 2915
7 6901 4679 9679 2061 1005 5027 7337
10 5445 9305 4059 5324 1867 6381 5300 7929 567 7382
7 1138 311 9409 3167 6198 8189 1792
8 2917 6706 7957 519 5717 7561 541 789
9 769 4071 8708 3549 7499 4855 4150 7455 9105
6 606 5235 563 6900 3049 2425
6 768 8758 5885 622 3575 7152
4 8670 817 2942 7034
7 6916 9888 6807 2316 5086 9449 977
4 2384 5858 699 2059
8 273 6831 9325 9140 7040 6961 7028 7239
7 3444 4948 6695 375 9283 8029 8523
6 8703 117 3855 4307 1040 1563
3 7913 1135 3098
7 3371 8329 222 3555 1833 8932 2518
6 9675 9550 1353 580 1651 3286
5 3578 29 55 8179 5572
7 5424 4894 920 2559 372 7799 7082
7 6541 961 24 2869 3149 8209 4541
7 7952 8962 4637 4143 7119 5487 2373
4 3654 8459 6747 9604
7 6115 3988 6228 4842 8395 6068 9849
6 1664 9523 4346 2912 4495 4084
6 9216 2576 1888 957 2429 4575
6 734 4214 2986 2020 7140 8224
5 7862 5716 2008 5161 368
6 157 297 3103 3030 477 9562
6 1978 3281 3693 741 658 8110
6 6724 8406 5598 8840 9649 9527
6 445 3471 7141 583 9405 3554
6 8102 585 5406 5304 1860 4862
6 268 8342 2941 8520 4164 868
5 5649 6649 4788 874 953
6 7640 1528 3025 8420 9985 5176
6 8204 1735 5381 5902 7927 8169
4 4829 4066 9187 9320
4 8559 6321 5621 9639
5 3743 9581 1269 7287 1904
4 6039 7064 6529 8536
5 3457 8728 3564 6633 1421
5 4687 61 7877 4644 6999
6 6456 6952 489 2327 9602 2909
4 9207 8184 7210 135
5 8675 6424 5245 2714 1
5 6160 1866 3692 5881 6951
3 7468 5732 559
4 8578 4586 1332 1959
3 9121 2642 2440
5 1993 3239 9411 2324 7638
5 9901 7911 4882 5971 9385
5 7229 6965 9291 7810 6352
5 610 2278 9626 6662 9353
5 7318 2774 6361 2424 4202
3 9020 2418 3507
3 8509 7227 8345
3 6694 2176 1643
3 1815 8271 3321
3 9670 3647 4403
3 7716 2690 640
5 6913 6607 2313 6558 1487
5 3168 5402 554 2589 1797
5 2507 7088 8698 8020 8151
5 8587 6418 6767 7180 7386
5 9698 6780 4056 9046 9951
5 6044 2531 8086 2899 1152
5 3410 2828 1794 9052 3290
5 394 6269 6843 5990 5170
4 7709 7188 4475 2736
4 8213 6912 6192 7642
5 8787 3697 4536 5393 7315
4 6656 1227 1194 4299
5 7293 1447 1883 3459 7068
5 3333 9733 9820 6155 7221
3 2296 8965 3906
3 6794 3708 2825
3 8227 7785 4378
5 3655 7186 4877 608 5175
5 3546 3245 1414 9556 8540
5 19 6654 8783 4635 4916
5 6189 6502 9166 6741 6104
5 3527 2603 4873 6164 7566
5 6139 8489 1838 2957 936
5 5227 8149 5218 5006 395
5 8630 1228 1407 481 8196
4 666 3249 2791 2394
5 6485 7864 7687 3368 2862
4 3147 1637 1852 1846
4 4984 1384 6745 7604
4 9090 3276 2233 7248
4 2297 3640 9666 3505
4 1170 5615 1784 7637
4 1492 5727 7108 7918
4 3005 3409 2738 9944
4 3294 6404 7156 2780
4 190 3236 1605 3354
4 3540 1512 3651 3058
4 9935 2166 4583 4016
4 7114 7612 9402 1260
4 8557 8458 5213 989
4 8484 1609 8290 2570
4 1323 3197 9406 9575
4 6150 7993 739 9634
4 8024 1438 3579 4920
4 3257 7198 5491 6454
4 8711 3826 6756 7842
3 6135 5991 4023
4 5387 1113 7891 5917
3 8302 3358 4747
4 8736 9864 7648 3609
2 1406 7948
4 5808 3596 4387 2896
4 7889 7020 4781 3594
4 9347 3311 2641 2333
4 7398 8262 1630 4482
3 1803 9463 1640
4 1372 1773 1013 9524
4 8425 8158 5743 984
4 3990 4693 2079 9064
3 7325 7492 8895
4 4208 3148 5237 9492
4 6123 6329 9473 4107
4 7320 2536 9920 595
4 109 7129 4260 5303
4 4428 7329 1024 5422
4 5948 726 4546 9949
4 6849 2538 5875 2654
4 5358 7230 6493 6034
4 9852 6199 8376 5344
4 4706 4885 8739 7096
3 8055 3608 6460
4 3758 4414 2748 3102
4 9452 9128 5818 1762
4 7471 6884 9246 6589
4 6110 2357 4537 1631
4 7704 6740 315 9177
4 7512 2123 864 2011
4 5113 3208 6752 8860
3 1874 1734 839
4 627 4959 3160 3062
4 9996 1593 5112 6374
4 7553 7116 2928 3227
4 2838 6457 3104 7216
4 1984 902 9191 3434
4 9137 2788 8073 4971
4 8586 8848 8426 1859
4 3951 3138 5698 8998
4 8435 4511 4170 294
4 2006 2026 3424 7697
4 8021 2436 8277 2035
4 2512 5359 8715 3465
4 3196 6877 1251 3981
4 6735 8699 5710 5033
4 1090 5034 2230 9248
3 842 7575 8775
4 8104 4437 2335 1476
2 7104 1192
4 9685 400 8447 5910
4 945 4648 8548 1259
4 9974 7451 5500 454
3 9544 6924 1778
4 5744 7846 1489 8780
4 8323 3384 3461 3305
4 8566 2426 3865 4564
4 2106 8449 6159 4236
4 1635 7357 3601 4498
3 4223 7346 8809
4 5654 3170 965 7822
3 5510 9768 7779
3 3029 5332 40
4 9851 328 1030 1820
4 166 1689 3989 9438
4 5060 6851 457 2693
3 4352 8629 8254
2 5856 9459
4 8792 5746 3910 4473
4 271 2784 2626 163
4 5721 9595 7546 3277
4 2963 3329 1121 2612
2 3202 5302
4 9691 9087 4624 7898
4 1100 2520 6669 9056
4 8713 1625 9813 5630
4 9306 7319 9469 8126
4 3067 8774 209 3959
2 6377 9251
4 3849 7677 2401 3039
4 8979 3891 1524 3356
3 4455 499 5462
4 2742 2293 442 9351
4 3572 4200 3317 5373
4 7428 7585 9012 5664
4 892 1674 3947 7624
4 2523 1530 2495 3115
2 8967 3624
4 2143 6786 5954 1822
4 3024 3976 5214 8218
4 9412 7117 2198 1395
4 3176 9495 1955 304
4 5466 6304 5748 7368
4 6004 9401 720 7288
4 6239 513 8440 6444
4 661 6168 2539 3595
4 5517 2711 7631 2139
3 3430 7224 5307
4 9503 1697 3263 5512
3 4467 2782 7777
3 7804 1977 5122
4 9274 8892 332 7105
3 873 409 6082
4 2975 6053 1218 9716
4 6455 6875 5541 2175
3 8978 7768 5562
4 4112 8203 1804 7615
4 3773 4233 9874 1624
4 7792 5189 9636 5364
4 5049 8370 8835 7024
4 4935 6206 326 6339
3 4194 3291 9644
4 9267 2511 8410 3517
2 4184 5480
3 5890 7347 6423
4 8274 4910 7086 859
3 200 277 6245
3 530 4255 318
3 5369 1002 2192
3 4833 1142 4830
3 7355 428 3165
4 5089 6804 4686 6505
4 9316 7314 4064 1507
3 9627 1363 3602
4 4196 7406 7236 9250
4 8328 4661 3083 9967
3 3334 9282 1233
4 245 206 482 9955
4 8832 5996 3717 7708
3 9965 2681 9252
3 6410 6200 2856
3 3779 9255 5347
2 5983 115
3 3362 3462 189
3 4794 3092 3614
3 8573 6208 3191
3 493 2455 7737
3 3396 8786 3915
4 8462 6307 7867 2563
3 1995 1869 290
3 2147 7379 2290
3 5295 697 7683
3 4109 8902 8419
3 2118 9806 3022
3 1564 3068 6856
3 5771 9845 1508
3 4630 3510 8348
3 5636 2074 782
3 9559 1010 3114
3 6296 2657 6475
3 4421 5540 3680
3 3188 9011 4613
3 1208 933 1292
3 3129 1177 9579
3 7372 1970 5511
3 7975 4848 4250
3 730 5554 4629
3 3821 2566 8772
3 150 3786 8093
3 9543 3403 3842
3 128 9078 596
3 6765 6450 7698
3 5425 8198 3319
3 3541 248 267
3 8309 1267 3116
2 2718 8058
2 9030 364
3 1054 8207 5156
3 6202 9869 5627
3 5025 4815 4137
3 4867 3603 1684
3 4717 3490 2966
3 5205 5887 7883
3 5377 4836 9222
3 8784 6879 2038
3 5535 4507 4409
3 41 825 152
3 6003 9805 9018
3 4665 3991 3936
3 8346 4502 1175
3 5282 8040 6446
3 4154 5507 5107
3 3017 3426 2041
3 8382 3381 5575
3 4080 1221 8034
3 7249 8157 4587
3 4761 6255 895
3 8351 6536 3502
3 3866 6327 330
3 9744 9890 4065
3 7373 502 2997
3 5017 9631 5428
3 7430 5285 9872
3 3830 212 6886
3 1527 6125 8937
3 4349 8588 5135
3 2649 1276 2741
3 565 4980 4101
3 6265 1313 6705
3 7465 47 5267
3 4863 6836 3082
3 4673 3557 5642
3 1223 435 5228
3 2904 6711 5650
3 5920 3512 3194
3 8448 5516 8504
3 5757 7666 9135
3 9830 7255 5036
3 8338 2973 3701
3 6420 9045 3818
3 9286 168 531
3 7446 7574 9375
3 5090 9144 5830
2 1200 9927
3 6473 4875 2473
3 3073 8434 9419
3 5829 8915 9678
3 533 4720 4639
3 9633 7102 8037
3 9815 9628 8403
3 6360 975 6357
3 9487 718 8353
3 9926 2399 2852
3 6547 5120 8742
3 2783 1518 6270
3 6942 7580 6336
3 4048 1655 3896
3 7876 284 6313
3 3066 1908 3215
3 4153 655 2434
3 6409 3833 46
3 5699 2717 1638
3 9640 199 8665
3 1830 7602 2732
3 6718 4246 1886
3 9586 498 9242
3 4207 4807 127
3 2605 419 8030
3 4225 9696 4123
3 7243 3632 767
3 3200 6338 5660
3 3105 2881 1239
3 1240 3411 7856
3 1206 9382 3759
3 1986 5777 5088
3 9297 439 6346
3 7000 69 1331
3 8803 3875 3784
3 3816 3050 7411
3 3544 6922 7256
2 3739 4011
3 7557 4285 8116
3 6029 9349 8753
3 4826 1994 6274
3 5955 9485 9647
3 1326 601 952
3 1843 3108 2404
3 615 8816 2817
3 7196 8521 9381
3 95 4228 9742
3 1997 3475 2044
3 9109 2216 9900
3 8285 7572 7730
3 448 6128 4371
3 802 780 9858
2 306 3031
3 2537 7870 7745
3 5626 4088 3315
3 8464 6012 5374
3 854 9705 2527
3 6220 935 388
3 8823 1186 2406
3 4404 5686 2753
3 6069 7874 4503
3 2305 5816 1583
3 5712 6430 5298
3 951 956 9833
3 8133 5957 7425
3 4703 6413 1182
3 9104 3375 7746
3 5663 3605 7387
