2 3663 2634
2 4780 2174
2 4032 5221
3 3171 347 8729
2 2882 5002
2 2484 2796
3 3417 8833 8770
4 6975 2280 8135 8941
2 3173 8887
2 1181 1875
2 7009 9841
3 1215 2216 7207
2 7804 2925
2 7899 3399
2 5016 5536
3 4757 1743 4490
3 8189 123 5418
2 7563 2729
3 5360 1910 5216
2 3853 4105
3 3430 9823 2444
2 1216 5631
3 3508 8476 6619
3 8027 4410 7495
4 2182 6754 4694 7568
5 6190 288 281 9525 7521
3 8346 5232 5685
2 3358 8218
2 4819 1073
2 947 8626
2 7065 4594
2 7553 7533
2 9214 7310
2 516 5513
2 6338 3397
3 5292 2382 6932
2 1598 7956
3 2260 213 5280
3 2930 3320 1902
3 636 9043 7100
2 8380 9377
2 568 5956
2 464 5275
3 9200 7682 5276
2 1624 624
2 2975 6513
3 4083 832 1078
2 4075 5029
2 2702 5676
3 8330 2891 3045
3 1032 4533 8485
4 2139 8339 8497 8302
3 5201 473 2902
3 8222 1797 8816
2 3891 5715
3 4309 4258 9018
2 3029 7425
2 1046 9877
4 3452 8948 5867 6246
3 188 4145 9225
2 4647 2953
3 3242 8500 8110
2 5412 1019
3 7359 5171 6141
3 4474 3412 1397
2 1714 9642
3 220 2546 5651
2 7924 1887
2 1661 8720
2 1402 9813
4 4976 6912 8426 2810
3 8584 8763 9914
2 6510 5250
3 6211 8982 1877
3 477 8526 547
2 9849 6784
2 8901 4572
3 653 7069 2025
2 6555 8100
2 1058 8308
3 6948 5827 2107
3 1442 9548 6670
3 4341 6872 351
3 5911 4453 7362
2 6506 6159
2 5629 315
2 5359 5054
4 1756 4123 9381 7854
3 2874 7064 1357
3 743 9796 3909
3 6556 569 3178
2 92 9333
3 8642 5533 3624
2 5198 9551
3 2135 2337 9715
3 3671 466 2776
2 9309 2309
3 4182 1845 5386
3 6600 6433 5178
4 9708 5436 1003 4037
3 207 9704 4908
3 3060 8752 8809
3 6756 6066 7322
2 5896 1479
2 8791 6290
2 4806 4932
3 43 650 5285
2 7072 608
3 8532 5411 6751
4 3782 238 7046 8900
5 5262 8980 555 420 8682
3 1415 6409 6080
2 1978 9582
2 5568 2742
4 2524 7790 6277 6008
2 3034 121
2 8962 8096
2 6646 797
3 67 5346 2523
4 8653 9940 3928 6490
2 2022 4663
2 1223 3946
4 1595 9229 9597 7364
3 7650 2394 7938
4 3153 356 8534 5361
3 9898 9327 2453
3 4632 5854 8845
3 4307 4173 647
2 692 3655
3 3300 791 9673
2 3234 6774
3 610 974 4013
3 9462 756 8879
2 8707 4669
2 6210 3790
3 6765 1454 9643
2 4602 6957
2 5478 8409
3 1822 4222 7820
5 7324 2417 551 7056 6526
4 1788 5496 4943 282
2 4776 1718
2 9736 942
4 1577 1961 565 4094
2 9919 6435
2 5578 6673
2 8095 7490
2 1352 699
2 9222 7591
3 6578 9026 7223
2 9545 9550
3 5058 1103 7094
4 2916 598 1098 1413
4 2195 8418 9300 3157
3 4487 8462 1341
4 6152 8728 3464 4820
3 4782 5304 8542
3 8798 4079 5531
3 2096 7607 9108
3 173 6697 4859
4 9891 1575 689 1629
4 736 4355 9311 4297
3 6552 3102 1154
3 7621 3723 9633
3 6295 9482 1702
3 167 1261 9519
4 6032 5045 6471 5618
4 701 4564 7237 4940
3 883 6976 5678
4 811 7105 6438 8932
3 8178 4815 4881
2 1050 3600
3 1917 8336 8363
3 7910 901 8684
4 4759 243 7835 8772
3 6606 954 3002
3 1700 5072 6858
3 9992 1102 9411
3 4442 6866 6542
2 4866 3436
3 6796 6662 737
3 8440 799 8456
3 2442 7271 9331
3 7117 1996 3089
3 7331 8859 6048
3 9267 1639 9950
4 6603 1250 7687 7319
2 4414 4695
3 9467 8877 5902
3 1779 9830 9335
2 3609 8269
4 4974 6488 3662 1841
3 9561 66 3253
4 7708 5116 4520 6611
2 5379 5426
3 5282 7701 2623
3 5084 3246 8622
2 1249 9729
4 9219 7976 2355 617
3 6123 5964 2292
4 8450 9760 6460 9748
2 5816 8643
3 1359 8878 9103
2 7750 9452
3 1724 3127 8965
4 7883 7891 7095 2907
3 6657 211 224
2 9972 7600
3 1407 8148 7168
3 2323 2300 6271
4 1711 8624 793 9028
3 8717 4732 6443
3 4944 9818 4287
4 553 5053 2373 1428
3 4383 5488 4437
3 2021 4243 4608
2 8666 244
3 7597 7450 622
3 2410 8482 9965
2 4340 7626
2 1853 2893
3 1433 9595 235
3 8143 8573 3509
3 1747 7032 852
2 2449 8735
3 1166 8558 8084
3 184 941 6907
4 9861 8273 3686 6019
4 7006 8910 4226 3906
3 6815 1231 2883
2 604 272
3 8569 6378 4537
4 5832 8464 7327 381
4 8906 4393 2290 7368
4 8709 4293 6310 2067
3 174 3416 9193
4 422 7191 5010 1613
3 739 8007 9991
3 4785 8577 6916
4 5815 9286 6039 6325
4 8267 8937 104 9918
4 5233 2526 4577 9656
3 3347 916 6691
4 7648 8933 3507 8402
3 5259 198 7417
4 4529 9251 4174 2366
4 1408 4323 2342 5936
2 3861 7788
2 7007 8996
3 3259 7349 469
3 9688 2474 649
3 4099 878 2549
3 4375 4074 1697
3 5390 6971 41
2 9187 8804
3 4454 2120 8672
3 4566 4439 3810
2 1478 6761
2 1977 5627
2 9983 4118
3 6221 9762 3750
3 3647 6768 3800
2 5479 4305
3 1589 3548 2329
4 1387 5583 684 9318
2 7363 2824
3 6215 3152 1859
2 2801 1061
2 6305 2668
3 6304 5750 7917
3 2439 9389 8075
3 2263 9 148
2 3512 7676
2 1292 5099
3 9095 8264 4208
5 7566 4115 9190 6750 8225
4 2351 1865 1802 7659
3 7869 3004 2719
2 9659 4752
2 8574 1533
2 5463 6415
3 3122 2984 661
3 4764 6213 6249
3 3164 6145 64
3 2846 8113 3057
3 4446 6719 1396
4 6168 1614 17 7517
2 4133 818
3 3821 6760 2850
4 3155 2992 7931 3263
3 676 4017 3988
3 3272 1680 4956
4 3560 9236 3608 5754
3 5742 2771 2579
2 3911 2467
3 2106 9269 9423
3 1342 3275 8032
2 2928 3572
3 8423 1101 9847
3 7777 7374 1625
2 6998 25
4 8471 465 428 9837
4 5082 7894 7268 7440
3 7865 9562 748
4 5516 3579 5803 4968
4 9568 7815 9081 4516
3 2766 8908 5111
3 2358 1689 9004
3 1380 6256 3000
2 1290 6108
3 2395 9819 2895
2 8140 3712
2 730 6157
2 8054 7964
2 5778 725
3 9664 5477 2942
2 3749 9572
3 8458 4334 6923
3 3544 2743 7734
2 758 9448
2 4653 5399
3 266 194 3070
3 2656 4027 7234
4 42 9790 7888 3154
4 5195 2965 7692 8749
2 1621 9711
4 9635 4639 9051 7194
3 256 1899 759
5 8044 1691 5705 9513 6573
2 3851 2217
2 9393 9102
2 5122 442
2 5468 287
2 1450 948
3 4311 3055 4585
4 3316 6231 5603 1006
3 1813 321 5987
3 7680 4021 3948
3 5476 855 9579
3 1066 3400 7895
2 361 8243
2 8124 3059
3 9772 7598 1705
3 5797 1730 4016
3 1549 5420 9514
4 2599 1898 8139 2786
2 7702 1376
2 6046 9786
3 5298 8191 827
3 5587 1585 3597
